TN:
SF:C:\Users\Berglind\OneDrive\Documents\Vefforitun2\sales-project\Client\src\polyfills.ts
FNF:0
FNH:0
DA:39,1
DA:40,1
DA:46,1
LF:3
LH:3
BRF:0
BRH:0
end_of_record
TN:
SF:C:\Users\Berglind\OneDrive\Documents\Vefforitun2\sales-project\Client\src\test.ts
FN:,(anonymous_0)
FNF:1
FNH:1
FNDA:1,(anonymous_0)
DA:3,1
DA:4,1
DA:5,1
DA:6,1
DA:7,1
DA:8,1
DA:9,1
DA:10,1
DA:12,1
DA:14,1
DA:16,1
DA:18,1
DA:20,1
LF:13
LH:13
BRF:0
BRH:0
end_of_record
TN:
SF:C:\Users\Berglind\OneDrive\Documents\Vefforitun2\sales-project\Client\src\app\add-product-dialog\add-product-dialog.component.ts
FN:,(anonymous_0)
FN:,(anonymous_1)
FN:,(anonymous_2)
FN:,(anonymous_3)
FN:,(anonymous_4)
FN:,(anonymous_5)
FNF:6
FNH:2
FNDA:1,(anonymous_0)
FNDA:1,(anonymous_1)
FNDA:0,(anonymous_2)
FNDA:0,(anonymous_3)
FNDA:0,(anonymous_4)
FNDA:0,(anonymous_5)
DA:2,1
DA:3,1
DA:4,1
DA:5,2
DA:6,1
DA:8,1
DA:9,1
DA:11,1
DA:12,1
DA:13,1
DA:14,1
DA:16,0
DA:17,0
DA:22,0
DA:25,0
DA:28,1
DA:36,1
LF:17
LH:13
BRDA:,0,0,1
BRDA:,0,1,1
BRDA:,0,2,1
BRDA:,1,0,1
BRDA:,1,1,0
BRDA:,2,0,0
BRDA:,2,1,0
BRDA:,3,0,0
BRDA:,3,1,1
BRDA:,4,0,1
BRDA:,4,1,1
BRDA:,5,0,2
BRDA:,5,1,0
BRDA:,6,0,2
BRDA:,6,1,1
BRDA:,7,0,2
BRDA:,7,1,0
BRDA:,8,0,0
BRDA:,8,1,0
BRDA:,9,0,1
BRDA:,9,1,0
BRDA:,9,2,0
BRDA:,10,0,1
BRDA:,10,1,1
BRDA:,10,2,1
BRDA:,11,0,1
BRDA:,11,1,0
BRDA:,12,0,1
BRDA:,12,1,1
BRDA:,13,0,1
BRDA:,13,1,1
BRDA:,13,2,0
BRDA:,14,0,1
BRDA:,14,1,1
BRDA:,15,0,1
BRDA:,15,1,1
BRDA:,15,2,0
BRDA:,16,0,1
BRDA:,16,1,1
BRF:39
BRH:26
end_of_record
TN:
SF:C:\Users\Berglind\OneDrive\Documents\Vefforitun2\sales-project\Client\src\app\add-seller-dialog\add-seller-dialog.component.ts
FN:,(anonymous_0)
FN:,(anonymous_1)
FN:,(anonymous_2)
FN:,(anonymous_3)
FN:,(anonymous_4)
FNF:5
FNH:2
FNDA:1,(anonymous_0)
FNDA:1,(anonymous_1)
FNDA:0,(anonymous_2)
FNDA:0,(anonymous_3)
FNDA:0,(anonymous_4)
DA:2,1
DA:3,1
DA:4,1
DA:5,2
DA:6,1
DA:8,1
DA:9,1
DA:11,1
DA:12,1
DA:13,1
DA:14,1
DA:16,0
DA:17,0
DA:18,0
DA:21,0
DA:24,0
DA:27,1
DA:35,1
LF:18
LH:13
BRDA:,0,0,1
BRDA:,0,1,1
BRDA:,0,2,1
BRDA:,1,0,1
BRDA:,1,1,0
BRDA:,2,0,0
BRDA:,2,1,0
BRDA:,3,0,0
BRDA:,3,1,1
BRDA:,4,0,1
BRDA:,4,1,1
BRDA:,5,0,2
BRDA:,5,1,0
BRDA:,6,0,2
BRDA:,6,1,1
BRDA:,7,0,2
BRDA:,7,1,0
BRDA:,8,0,0
BRDA:,8,1,0
BRDA:,9,0,1
BRDA:,9,1,0
BRDA:,9,2,0
BRDA:,10,0,1
BRDA:,10,1,1
BRDA:,10,2,1
BRDA:,11,0,1
BRDA:,11,1,0
BRDA:,12,0,1
BRDA:,12,1,1
BRDA:,13,0,1
BRDA:,13,1,1
BRDA:,13,2,0
BRDA:,14,0,1
BRDA:,14,1,1
BRDA:,15,0,1
BRDA:,15,1,1
BRDA:,15,2,0
BRDA:,16,0,1
BRDA:,16,1,1
BRF:39
BRH:26
end_of_record
TN:
SF:C:\Users\Berglind\OneDrive\Documents\Vefforitun2\sales-project\Client\src\app\app.component.ts
FN:,(anonymous_0)
FN:,(anonymous_1)
FN:,(anonymous_2)
FNF:3
FNH:3
FNDA:1,(anonymous_0)
FNDA:1,(anonymous_1)
FNDA:3,(anonymous_2)
DA:2,1
DA:3,1
DA:4,1
DA:5,2
DA:6,1
DA:8,1
DA:9,1
DA:11,1
DA:12,1
DA:14,3
DA:17,1
DA:25,1
LF:12
LH:12
BRDA:,0,0,1
BRDA:,0,1,1
BRDA:,0,2,1
BRDA:,1,0,1
BRDA:,1,1,0
BRDA:,2,0,0
BRDA:,2,1,0
BRDA:,3,0,0
BRDA:,3,1,1
BRDA:,4,0,1
BRDA:,4,1,1
BRDA:,5,0,2
BRDA:,5,1,0
BRDA:,6,0,2
BRDA:,6,1,1
BRDA:,7,0,2
BRDA:,7,1,0
BRDA:,8,0,0
BRDA:,8,1,0
BRDA:,9,0,1
BRDA:,9,1,0
BRDA:,9,2,0
BRDA:,10,0,1
BRDA:,10,1,1
BRDA:,10,2,1
BRDA:,11,0,1
BRDA:,11,1,0
BRDA:,12,0,1
BRDA:,12,1,1
BRF:29
BRH:18
end_of_record
TN:
SF:C:\Users\Berglind\OneDrive\Documents\Vefforitun2\sales-project\Client\src\app\info-service.service.ts
FN:,(anonymous_0)
FN:,(anonymous_1)
FN:,(anonymous_2)
FN:,(anonymous_3)
FN:,(anonymous_4)
FN:,(anonymous_5)
FN:,(anonymous_6)
FN:,(anonymous_7)
FN:,(anonymous_8)
FN:,(anonymous_9)
FN:,(anonymous_10)
FN:,(anonymous_11)
FN:,(anonymous_12)
FN:,(anonymous_13)
FN:,(anonymous_14)
FN:,(anonymous_15)
FN:,(anonymous_16)
FNF:17
FNH:2
FNDA:1,(anonymous_0)
FNDA:1,(anonymous_1)
FNDA:0,(anonymous_2)
FNDA:0,(anonymous_3)
FNDA:0,(anonymous_4)
FNDA:0,(anonymous_5)
FNDA:0,(anonymous_6)
FNDA:0,(anonymous_7)
FNDA:0,(anonymous_8)
FNDA:0,(anonymous_9)
FNDA:0,(anonymous_10)
FNDA:0,(anonymous_11)
FNDA:0,(anonymous_12)
FNDA:0,(anonymous_13)
FNDA:0,(anonymous_14)
FNDA:0,(anonymous_15)
FNDA:0,(anonymous_16)
DA:2,1
DA:3,1
DA:4,1
DA:5,2
DA:6,1
DA:8,1
DA:9,1
DA:11,1
DA:12,1
DA:13,1
DA:14,1
DA:16,0
DA:19,0
DA:21,0
DA:25,0
DA:26,0
DA:30,0
DA:31,0
DA:35,0
DA:36,0
DA:40,0
DA:41,0
DA:45,0
DA:46,0
DA:50,0
DA:51,0
DA:55,1
DA:59,1
LF:28
LH:13
BRDA:,0,0,1
BRDA:,0,1,1
BRDA:,0,2,1
BRDA:,1,0,1
BRDA:,1,1,0
BRDA:,2,0,0
BRDA:,2,1,0
BRDA:,3,0,0
BRDA:,3,1,1
BRDA:,4,0,1
BRDA:,4,1,1
BRDA:,5,0,2
BRDA:,5,1,0
BRDA:,6,0,2
BRDA:,6,1,1
BRDA:,7,0,2
BRDA:,7,1,0
BRDA:,8,0,0
BRDA:,8,1,0
BRDA:,9,0,1
BRDA:,9,1,0
BRDA:,9,2,0
BRDA:,10,0,1
BRDA:,10,1,1
BRDA:,10,2,1
BRDA:,11,0,1
BRDA:,11,1,0
BRDA:,12,0,1
BRDA:,12,1,1
BRDA:,13,0,1
BRDA:,13,1,1
BRDA:,13,2,0
BRDA:,14,0,1
BRDA:,14,1,1
BRF:34
BRH:22
end_of_record
TN:
SF:C:\Users\Berglind\OneDrive\Documents\Vefforitun2\sales-project\Client\src\app\details-page\details-page.component.ts
FN:,(anonymous_0)
FN:,(anonymous_1)
FN:,(anonymous_2)
FN:,(anonymous_3)
FN:,(anonymous_4)
FN:,(anonymous_5)
FN:,(anonymous_6)
FN:,(anonymous_7)
FN:,(anonymous_8)
FN:,(anonymous_9)
FN:,(anonymous_10)
FN:,(anonymous_11)
FN:,(anonymous_12)
FN:,(anonymous_13)
FN:,(anonymous_14)
FN:,(anonymous_15)
FN:,(anonymous_16)
FN:,(anonymous_17)
FN:,(anonymous_18)
FN:,(anonymous_19)
FNF:20
FNH:2
FNDA:1,(anonymous_0)
FNDA:1,(anonymous_1)
FNDA:0,(anonymous_2)
FNDA:0,(anonymous_3)
FNDA:0,(anonymous_4)
FNDA:0,(anonymous_5)
FNDA:0,(anonymous_6)
FNDA:0,(anonymous_7)
FNDA:0,(anonymous_8)
FNDA:0,(anonymous_9)
FNDA:0,(anonymous_10)
FNDA:0,(anonymous_11)
FNDA:0,(anonymous_12)
FNDA:0,(anonymous_13)
FNDA:0,(anonymous_14)
FNDA:0,(anonymous_15)
FNDA:0,(anonymous_16)
FNDA:0,(anonymous_17)
FNDA:0,(anonymous_18)
FNDA:0,(anonymous_19)
DA:2,1
DA:3,1
DA:4,1
DA:5,2
DA:6,1
DA:8,1
DA:9,1
DA:11,1
DA:12,1
DA:13,1
DA:14,1
DA:15,1
DA:16,1
DA:17,1
DA:18,1
DA:20,0
DA:21,0
DA:22,0
DA:23,0
DA:24,0
DA:27,0
DA:28,0
DA:29,0
DA:31,0
DA:33,0
DA:34,0
DA:35,0
DA:37,0
DA:38,0
DA:42,0
DA:43,0
DA:44,0
DA:45,0
DA:47,0
DA:48,0
DA:49,0
DA:51,0
DA:55,0
DA:56,0
DA:58,0
DA:59,0
DA:61,0
DA:64,0
DA:65,0
DA:66,0
DA:68,0
DA:76,0
DA:77,0
DA:78,0
DA:80,0
DA:83,0
DA:86,0
DA:89,0
DA:92,0
DA:95,0
DA:96,0
DA:97,0
DA:98,0
DA:104,0
DA:105,0
DA:112,1
DA:120,1
LF:62
LH:17
BRDA:,0,0,1
BRDA:,0,1,1
BRDA:,0,2,1
BRDA:,1,0,1
BRDA:,1,1,0
BRDA:,2,0,0
BRDA:,2,1,0
BRDA:,3,0,0
BRDA:,3,1,1
BRDA:,4,0,1
BRDA:,4,1,1
BRDA:,5,0,2
BRDA:,5,1,0
BRDA:,6,0,2
BRDA:,6,1,1
BRDA:,7,0,2
BRDA:,7,1,0
BRDA:,8,0,0
BRDA:,8,1,0
BRDA:,9,0,1
BRDA:,9,1,0
BRDA:,9,2,0
BRDA:,10,0,1
BRDA:,10,1,1
BRDA:,10,2,1
BRDA:,11,0,1
BRDA:,11,1,0
BRDA:,12,0,1
BRDA:,12,1,1
BRDA:,13,0,0
BRDA:,13,1,0
BRDA:,14,0,0
BRDA:,14,1,0
BRDA:,15,0,0
BRDA:,15,1,0
BRDA:,16,0,1
BRDA:,16,1,1
BRDA:,16,2,0
BRDA:,17,0,1
BRDA:,17,1,1
BRDA:,18,0,1
BRDA:,18,1,1
BRDA:,18,2,0
BRDA:,19,0,1
BRDA:,19,1,1
BRDA:,20,0,1
BRDA:,20,1,1
BRDA:,20,2,0
BRDA:,21,0,1
BRDA:,21,1,1
BRDA:,22,0,1
BRDA:,22,1,1
BRDA:,22,2,0
BRDA:,23,0,1
BRDA:,23,1,1
BRDA:,24,0,1
BRDA:,24,1,1
BRDA:,24,2,0
BRDA:,25,0,1
BRDA:,25,1,1
BRF:60
BRH:38
end_of_record
TN:
SF:C:\Users\Berglind\OneDrive\Documents\Vefforitun2\sales-project\Client\src\app\main-page\main-page.component.ts
FN:,(anonymous_0)
FN:,(anonymous_1)
FN:,(anonymous_2)
FN:,(anonymous_3)
FN:,(anonymous_4)
FN:,(anonymous_5)
FN:,(anonymous_6)
FN:,(anonymous_7)
FN:,(anonymous_8)
FN:,(anonymous_9)
FN:,(anonymous_10)
FN:,(anonymous_11)
FNF:12
FNH:2
FNDA:1,(anonymous_0)
FNDA:1,(anonymous_1)
FNDA:0,(anonymous_2)
FNDA:0,(anonymous_3)
FNDA:0,(anonymous_4)
FNDA:0,(anonymous_5)
FNDA:0,(anonymous_6)
FNDA:0,(anonymous_7)
FNDA:0,(anonymous_8)
FNDA:0,(anonymous_9)
FNDA:0,(anonymous_10)
FNDA:0,(anonymous_11)
DA:2,1
DA:3,1
DA:4,1
DA:5,2
DA:6,1
DA:8,1
DA:9,1
DA:11,1
DA:12,1
DA:13,1
DA:14,1
DA:15,1
DA:16,1
DA:17,1
DA:19,0
DA:20,0
DA:21,0
DA:22,0
DA:25,0
DA:26,0
DA:28,0
DA:32,0
DA:35,0
DA:36,0
DA:37,0
DA:38,0
DA:39,0
DA:40,0
DA:46,0
DA:47,0
DA:48,0
DA:50,0
DA:55,0
DA:58,1
DA:66,1
LF:35
LH:16
BRDA:,0,0,1
BRDA:,0,1,1
BRDA:,0,2,1
BRDA:,1,0,1
BRDA:,1,1,0
BRDA:,2,0,0
BRDA:,2,1,0
BRDA:,3,0,0
BRDA:,3,1,1
BRDA:,4,0,1
BRDA:,4,1,1
BRDA:,5,0,2
BRDA:,5,1,0
BRDA:,6,0,2
BRDA:,6,1,1
BRDA:,7,0,2
BRDA:,7,1,0
BRDA:,8,0,0
BRDA:,8,1,0
BRDA:,9,0,1
BRDA:,9,1,0
BRDA:,9,2,0
BRDA:,10,0,1
BRDA:,10,1,1
BRDA:,10,2,1
BRDA:,11,0,1
BRDA:,11,1,0
BRDA:,12,0,1
BRDA:,12,1,1
BRDA:,13,0,1
BRDA:,13,1,1
BRDA:,13,2,0
BRDA:,14,0,1
BRDA:,14,1,1
BRDA:,15,0,1
BRDA:,15,1,1
BRDA:,15,2,0
BRDA:,16,0,1
BRDA:,16,1,1
BRDA:,17,0,1
BRDA:,17,1,1
BRDA:,17,2,0
BRDA:,18,0,1
BRDA:,18,1,1
BRDA:,19,0,1
BRDA:,19,1,1
BRDA:,19,2,0
BRDA:,20,0,1
BRDA:,20,1,1
BRF:49
BRH:34
end_of_record
