TN:
SF:C:\Users\Berglind\OneDrive\Documents\Vefforitun2\sales-project\Client\src\polyfills.ts
FNF:0
FNH:0
DA:44,1
DA:45,1
DA:56,1
LF:3
LH:3
BRF:0
BRH:0
end_of_record
TN:
SF:C:\Users\Berglind\OneDrive\Documents\Vefforitun2\sales-project\Client\src\test.ts
FN:20,(anonymous_0)
FNF:1
FNH:1
FNDA:1,(anonymous_0)
DA:3,1
DA:4,1
DA:5,1
DA:6,1
DA:7,1
DA:8,1
DA:9,1
DA:10,1
DA:20,1
DA:23,1
DA:28,1
DA:30,1
DA:32,1
LF:13
LH:13
BRF:0
BRH:0
end_of_record
TN:
SF:C:\Users\Berglind\OneDrive\Documents\Vefforitun2\sales-project\Client\src\app\app.component.ts
FN:10,(anonymous_2)
FNF:1
FNH:1
FNDA:3,(anonymous_2)
DA:1,1
DA:5,1
DA:10,1
DA:11,3
LF:4
LH:4
BRF:0
BRH:0
end_of_record
TN:
SF:C:\Users\Berglind\OneDrive\Documents\Vefforitun2\sales-project\Client\src\app\info-service.service.ts
FN:11,(anonymous_2)
FN:14,(anonymous_3)
FN:16,(anonymous_4)
FN:21,(anonymous_5)
FN:22,(anonymous_6)
FN:27,(anonymous_7)
FN:29,(anonymous_8)
FN:34,(anonymous_9)
FN:35,(anonymous_10)
FN:40,(anonymous_11)
FN:41,(anonymous_12)
FN:46,(anonymous_13)
FN:47,(anonymous_14)
FN:52,(anonymous_15)
FN:53,(anonymous_16)
FN:58,(anonymous_17)
FNF:16
FNH:0
FNDA:0,(anonymous_2)
FNDA:0,(anonymous_3)
FNDA:0,(anonymous_4)
FNDA:0,(anonymous_5)
FNDA:0,(anonymous_6)
FNDA:0,(anonymous_7)
FNDA:0,(anonymous_8)
FNDA:0,(anonymous_9)
FNDA:0,(anonymous_10)
FNDA:0,(anonymous_11)
FNDA:0,(anonymous_12)
FNDA:0,(anonymous_13)
FNDA:0,(anonymous_14)
FNDA:0,(anonymous_15)
FNDA:0,(anonymous_16)
FNDA:0,(anonymous_17)
DA:1,1
DA:2,1
DA:6,1
DA:8,1
DA:9,1
DA:11,0
DA:15,0
DA:17,0
DA:22,0
DA:23,0
DA:28,0
DA:30,0
DA:35,0
DA:36,0
DA:41,0
DA:42,0
DA:47,0
DA:48,0
DA:53,0
DA:54,0
DA:59,0
LF:21
LH:5
BRF:0
BRH:0
end_of_record
TN:
SF:C:\Users\Berglind\OneDrive\Documents\Vefforitun2\sales-project\Client\src\app\add-product-dialog\add-product-dialog.component.ts
FN:15,(anonymous_2)
FN:18,(anonymous_3)
FN:21,(anonymous_4)
FN:25,(anonymous_5)
FNF:4
FNH:0
FNDA:0,(anonymous_2)
FNDA:0,(anonymous_3)
FNDA:0,(anonymous_4)
FNDA:0,(anonymous_5)
DA:1,1
DA:3,1
DA:4,1
DA:6,1
DA:11,1
DA:15,0
DA:16,0
DA:22,0
DA:27,0
LF:9
LH:5
BRF:0
BRH:0
end_of_record
TN:
SF:C:\Users\Berglind\OneDrive\Documents\Vefforitun2\sales-project\Client\src\app\add-seller-dialog\add-seller-dialog.component.ts
FN:16,(anonymous_2)
FN:21,(anonymous_3)
FN:25,(anonymous_4)
FNF:3
FNH:0
FNDA:0,(anonymous_2)
FNDA:0,(anonymous_3)
FNDA:0,(anonymous_4)
DA:1,1
DA:3,1
DA:4,1
DA:6,1
DA:11,1
DA:16,0
DA:17,0
DA:22,0
DA:26,0
LF:9
LH:5
BRF:0
BRH:0
end_of_record
TN:
SF:C:\Users\Berglind\OneDrive\Documents\Vefforitun2\sales-project\Client\src\app\details-page\details-page.component.ts
FN:29,(anonymous_2)
FN:36,(anonymous_3)
FN:39,(anonymous_4)
FN:42,(anonymous_5)
FN:46,(anonymous_6)
FN:50,(anonymous_7)
FN:57,(anonymous_8)
FN:72,(anonymous_9)
FN:82,(anonymous_10)
FN:85,(anonymous_11)
FN:94,(anonymous_12)
FN:97,(anonymous_13)
FN:104,(anonymous_14)
FN:108,(anonymous_15)
FN:115,(anonymous_16)
FN:121,(anonymous_17)
FN:125,(anonymous_18)
FN:134,(anonymous_19)
FN:140,(anonymous_20)
FN:144,(anonymous_21)
FN:148,(anonymous_22)
FNF:21
FNH:6
FNDA:3,(anonymous_2)
FNDA:3,(anonymous_3)
FNDA:0,(anonymous_4)
FNDA:0,(anonymous_5)
FNDA:0,(anonymous_6)
FNDA:0,(anonymous_7)
FNDA:2,(anonymous_8)
FNDA:741,(anonymous_9)
FNDA:1,(anonymous_10)
FNDA:1,(anonymous_11)
FNDA:0,(anonymous_12)
FNDA:0,(anonymous_13)
FNDA:0,(anonymous_14)
FNDA:0,(anonymous_15)
FNDA:0,(anonymous_16)
FNDA:0,(anonymous_17)
FNDA:0,(anonymous_18)
FNDA:0,(anonymous_19)
FNDA:0,(anonymous_20)
FNDA:0,(anonymous_21)
FNDA:0,(anonymous_22)
DA:1,1
DA:2,1
DA:5,1
DA:6,1
DA:8,1
DA:9,1
DA:10,1
DA:12,1
DA:19,1
DA:29,3
DA:30,3
DA:31,3
DA:32,3
DA:33,3
DA:37,3
DA:39,3
DA:40,0
DA:43,0
DA:46,3
DA:47,0
DA:48,0
DA:51,0
DA:52,0
DA:58,2
DA:59,2
DA:60,112
DA:61,112
DA:63,2
DA:64,2
DA:66,2
DA:68,1
DA:73,741
DA:74,224
DA:76,517
DA:77,517
DA:79,0
DA:83,1
DA:84,1
DA:85,1
DA:86,1
DA:94,0
DA:95,0
DA:96,0
DA:98,0
DA:101,1
DA:105,0
DA:106,0
DA:107,0
DA:108,0
DA:109,0
DA:115,0
DA:116,0
DA:122,0
DA:123,0
DA:124,0
DA:125,0
DA:126,0
DA:134,0
DA:141,0
DA:145,0
DA:149,0
LF:61
LH:34
BRDA:66,0,0,1
BRDA:66,0,1,1
BRDA:73,1,0,224
BRDA:73,1,1,517
BRDA:76,2,0,517
BRDA:76,2,1,0
BRF:6
BRH:5
end_of_record
TN:
SF:C:\Users\Berglind\OneDrive\Documents\Vefforitun2\sales-project\Client\src\app\main-page\main-page.component.ts
FN:17,(anonymous_2)
FN:23,(anonymous_3)
FN:24,(anonymous_4)
FN:27,(anonymous_5)
FN:32,(anonymous_6)
FN:36,(anonymous_7)
FN:39,(anonymous_8)
FN:46,(anonymous_9)
FN:49,(anonymous_10)
FN:56,(anonymous_11)
FN:60,(anonymous_12)
FNF:11
FNH:4
FNDA:4,(anonymous_2)
FNDA:4,(anonymous_3)
FNDA:0,(anonymous_4)
FNDA:4,(anonymous_5)
FNDA:0,(anonymous_6)
FNDA:0,(anonymous_7)
FNDA:0,(anonymous_8)
FNDA:0,(anonymous_9)
FNDA:0,(anonymous_10)
FNDA:4,(anonymous_11)
FNDA:0,(anonymous_12)
DA:1,1
DA:3,1
DA:4,1
DA:5,1
DA:6,1
DA:7,1
DA:9,1
DA:14,1
DA:17,4
DA:18,4
DA:19,4
DA:20,4
DA:24,4
DA:25,0
DA:28,4
DA:33,0
DA:37,0
DA:38,0
DA:39,0
DA:40,0
DA:46,0
DA:47,0
DA:48,0
DA:50,0
DA:57,4
DA:61,0
LF:26
LH:15
BRF:0
BRH:0
end_of_record
