TN:
SF:C:\Users\Berglind\OneDrive\Documents\Vefforitun2\sales-project\Client\src\polyfills.ts
FNF:0
FNH:0
DA:44,1
DA:45,1
DA:56,1
LF:3
LH:3
BRF:0
BRH:0
end_of_record
TN:
SF:C:\Users\Berglind\OneDrive\Documents\Vefforitun2\sales-project\Client\src\test.ts
FN:20,(anonymous_0)
FNF:1
FNH:1
FNDA:1,(anonymous_0)
DA:3,1
DA:4,1
DA:5,1
DA:6,1
DA:7,1
DA:8,1
DA:9,1
DA:10,1
DA:20,1
DA:23,1
DA:28,1
DA:30,1
DA:32,1
LF:13
LH:13
BRF:0
BRH:0
end_of_record
TN:
SF:C:\Users\Berglind\OneDrive\Documents\Vefforitun2\sales-project\Client\src\app\app.component.ts
FN:10,(anonymous_2)
FNF:1
FNH:1
FNDA:3,(anonymous_2)
DA:1,1
DA:5,1
DA:10,1
DA:11,3
LF:4
LH:4
BRF:0
BRH:0
end_of_record
TN:
SF:C:\Users\Berglind\OneDrive\Documents\Vefforitun2\sales-project\Client\src\app\info-service.service.ts
FN:11,(anonymous_2)
FN:14,(anonymous_3)
FN:16,(anonymous_4)
FN:21,(anonymous_5)
FN:22,(anonymous_6)
FN:27,(anonymous_7)
FN:29,(anonymous_8)
FN:33,(anonymous_9)
FN:34,(anonymous_10)
FN:39,(anonymous_11)
FN:40,(anonymous_12)
FN:45,(anonymous_13)
FN:46,(anonymous_14)
FN:51,(anonymous_15)
FN:52,(anonymous_16)
FN:57,(anonymous_17)
FNF:16
FNH:2
FNDA:1,(anonymous_2)
FNDA:0,(anonymous_3)
FNDA:0,(anonymous_4)
FNDA:0,(anonymous_5)
FNDA:0,(anonymous_6)
FNDA:0,(anonymous_7)
FNDA:0,(anonymous_8)
FNDA:0,(anonymous_9)
FNDA:0,(anonymous_10)
FNDA:0,(anonymous_11)
FNDA:0,(anonymous_12)
FNDA:0,(anonymous_13)
FNDA:0,(anonymous_14)
FNDA:0,(anonymous_15)
FNDA:0,(anonymous_16)
FNDA:1,(anonymous_17)
DA:1,1
DA:2,1
DA:6,1
DA:8,1
DA:9,1
DA:11,1
DA:15,0
DA:17,0
DA:22,0
DA:23,0
DA:28,0
DA:29,0
DA:34,0
DA:35,0
DA:40,0
DA:41,0
DA:46,0
DA:47,0
DA:52,0
DA:53,0
DA:58,1
LF:21
LH:7
BRF:0
BRH:0
end_of_record
TN:
SF:C:\Users\Berglind\OneDrive\Documents\Vefforitun2\sales-project\Client\src\app\add-product-dialog\add-product-dialog.component.ts
FN:15,(anonymous_2)
FN:18,(anonymous_3)
FN:21,(anonymous_4)
FN:25,(anonymous_5)
FNF:4
FNH:0
FNDA:0,(anonymous_2)
FNDA:0,(anonymous_3)
FNDA:0,(anonymous_4)
FNDA:0,(anonymous_5)
DA:1,1
DA:3,1
DA:4,1
DA:6,1
DA:11,1
DA:15,0
DA:16,0
DA:22,0
DA:27,0
LF:9
LH:5
BRF:0
BRH:0
end_of_record
TN:
SF:C:\Users\Berglind\OneDrive\Documents\Vefforitun2\sales-project\Client\src\app\add-seller-dialog\add-seller-dialog.component.ts
FN:16,(anonymous_2)
FN:22,(anonymous_3)
FN:26,(anonymous_4)
FNF:3
FNH:0
FNDA:0,(anonymous_2)
FNDA:0,(anonymous_3)
FNDA:0,(anonymous_4)
DA:1,1
DA:3,1
DA:4,1
DA:6,1
DA:11,1
DA:16,0
DA:17,0
DA:18,0
DA:23,0
DA:27,0
LF:10
LH:5
BRF:0
BRH:0
end_of_record
TN:
SF:C:\Users\Berglind\OneDrive\Documents\Vefforitun2\sales-project\Client\src\app\details-page\details-page.component.ts
FN:29,(anonymous_2)
FN:36,(anonymous_3)
FN:39,(anonymous_4)
FN:42,(anonymous_5)
FN:46,(anonymous_6)
FN:50,(anonymous_7)
FN:57,(anonymous_8)
FN:72,(anonymous_9)
FN:83,(anonymous_10)
FN:86,(anonymous_11)
FN:95,(anonymous_12)
FN:98,(anonymous_13)
FN:107,(anonymous_14)
FN:111,(anonymous_15)
FN:118,(anonymous_16)
FN:124,(anonymous_17)
FN:128,(anonymous_18)
FN:140,(anonymous_19)
FN:144,(anonymous_20)
FN:149,(anonymous_21)
FNF:20
FNH:2
FNDA:1,(anonymous_2)
FNDA:1,(anonymous_3)
FNDA:0,(anonymous_4)
FNDA:0,(anonymous_5)
FNDA:0,(anonymous_6)
FNDA:0,(anonymous_7)
FNDA:0,(anonymous_8)
FNDA:0,(anonymous_9)
FNDA:0,(anonymous_10)
FNDA:0,(anonymous_11)
FNDA:0,(anonymous_12)
FNDA:0,(anonymous_13)
FNDA:0,(anonymous_14)
FNDA:0,(anonymous_15)
FNDA:0,(anonymous_16)
FNDA:0,(anonymous_17)
FNDA:0,(anonymous_18)
FNDA:0,(anonymous_19)
FNDA:0,(anonymous_20)
FNDA:0,(anonymous_21)
DA:1,1
DA:2,1
DA:5,1
DA:6,1
DA:8,1
DA:9,1
DA:10,1
DA:12,1
DA:19,1
DA:29,1
DA:30,1
DA:31,1
DA:32,1
DA:33,1
DA:37,1
DA:39,1
DA:40,0
DA:43,0
DA:46,1
DA:47,0
DA:48,0
DA:51,0
DA:52,0
DA:58,0
DA:59,0
DA:60,0
DA:61,0
DA:63,0
DA:64,0
DA:66,0
DA:68,0
DA:73,0
DA:74,0
DA:76,0
DA:77,0
DA:79,0
DA:84,0
DA:85,0
DA:86,0
DA:87,0
DA:95,0
DA:96,0
DA:97,0
DA:99,0
DA:104,0
DA:108,0
DA:109,0
DA:110,0
DA:111,0
DA:112,0
DA:118,0
DA:119,0
DA:125,0
DA:126,0
DA:127,0
DA:128,0
DA:129,0
DA:141,0
DA:145,0
DA:150,0
LF:60
LH:17
BRDA:66,0,0,0
BRDA:66,0,1,0
BRDA:73,1,0,0
BRDA:73,1,1,0
BRDA:76,2,0,0
BRDA:76,2,1,0
BRF:6
BRH:0
end_of_record
TN:
SF:C:\Users\Berglind\OneDrive\Documents\Vefforitun2\sales-project\Client\src\app\main-page\main-page.component.ts
FN:17,(anonymous_2)
FN:23,(anonymous_3)
FN:24,(anonymous_4)
FN:27,(anonymous_5)
FN:32,(anonymous_6)
FN:36,(anonymous_7)
FN:39,(anonymous_8)
FN:46,(anonymous_9)
FN:49,(anonymous_10)
FN:56,(anonymous_11)
FN:60,(anonymous_12)
FNF:11
FNH:5
FNDA:7,(anonymous_2)
FNDA:7,(anonymous_3)
FNDA:0,(anonymous_4)
FNDA:7,(anonymous_5)
FNDA:0,(anonymous_6)
FNDA:1,(anonymous_7)
FNDA:0,(anonymous_8)
FNDA:0,(anonymous_9)
FNDA:0,(anonymous_10)
FNDA:7,(anonymous_11)
FNDA:0,(anonymous_12)
DA:1,1
DA:3,1
DA:4,1
DA:5,1
DA:6,1
DA:7,1
DA:9,1
DA:14,1
DA:17,7
DA:18,7
DA:19,7
DA:20,7
DA:24,7
DA:25,0
DA:28,7
DA:33,0
DA:37,1
DA:38,1
DA:39,0
DA:40,0
DA:46,0
DA:47,0
DA:48,0
DA:50,0
DA:57,7
DA:61,0
LF:26
LH:17
BRF:0
BRH:0
end_of_record
